[2022-04-21 22:04:16] laravel.EMERGENCY: Unable to create configured logger. Using emergency logger. {"exception":"[object] (InvalidArgumentException(code: 0): Log [] is not defined. at /var/www/vhosts/test.arouge.com/laravel/arouge/vendor/laravel/framework/src/Illuminate/Log/LogManager.php:200)
[stacktrace]
#0 /var/www/vhosts/test.arouge.com/laravel/arouge/vendor/laravel/framework/src/Illuminate/Log/LogManager.php(125): Illuminate\\Log\\LogManager->resolve()
#1 /var/www/vhosts/test.arouge.com/laravel/arouge/vendor/laravel/framework/src/Illuminate/Log/LogManager.php(112): Illuminate\\Log\\LogManager->get()
#2 /var/www/vhosts/test.arouge.com/laravel/arouge/vendor/laravel/framework/src/Illuminate/Log/LogManager.php(590): Illuminate\\Log\\LogManager->driver()
#3 /var/www/vhosts/test.arouge.com/laravel/arouge/vendor/laravel/framework/src/Illuminate/Foundation/Exceptions/Handler.php(252): Illuminate\\Log\\LogManager->error()
#4 /var/www/vhosts/test.arouge.com/laravel/arouge/vendor/laravel/framework/src/Illuminate/Foundation/Console/Kernel.php(366): Illuminate\\Foundation\\Exceptions\\Handler->report()
#5 /var/www/vhosts/test.arouge.com/laravel/arouge/vendor/laravel/framework/src/Illuminate/Foundation/Console/Kernel.php(131): Illuminate\\Foundation\\Console\\Kernel->reportException()
#6 /var/www/vhosts/test.arouge.com/laravel/arouge/artisan(37): Illuminate\\Foundation\\Console\\Kernel->handle()
#7 {main}
"} 
[2022-04-21 22:04:16] laravel.ERROR: The "" directory does not exist. {"exception":"[object] (Symfony\\Component\\Finder\\Exception\\DirectoryNotFoundException(code: 0): The \"\" directory does not exist. at /var/www/vhosts/test.arouge.com/laravel/arouge/vendor/symfony/finder/Finder.php:592)
[stacktrace]
#0 /var/www/vhosts/test.arouge.com/laravel/arouge/vendor/laravel/framework/src/Illuminate/Foundation/Bootstrap/LoadConfiguration.php(88): Symfony\\Component\\Finder\\Finder->in()
#1 /var/www/vhosts/test.arouge.com/laravel/arouge/vendor/laravel/framework/src/Illuminate/Foundation/Bootstrap/LoadConfiguration.php(65): Illuminate\\Foundation\\Bootstrap\\LoadConfiguration->getConfigurationFiles()
#2 /var/www/vhosts/test.arouge.com/laravel/arouge/vendor/laravel/framework/src/Illuminate/Foundation/Bootstrap/LoadConfiguration.php(39): Illuminate\\Foundation\\Bootstrap\\LoadConfiguration->loadConfigurationFiles()
#3 /var/www/vhosts/test.arouge.com/laravel/arouge/vendor/laravel/framework/src/Illuminate/Foundation/Application.php(237): Illuminate\\Foundation\\Bootstrap\\LoadConfiguration->bootstrap()
#4 /var/www/vhosts/test.arouge.com/laravel/arouge/vendor/laravel/framework/src/Illuminate/Foundation/Console/Kernel.php(310): Illuminate\\Foundation\\Application->bootstrapWith()
#5 /var/www/vhosts/test.arouge.com/laravel/arouge/vendor/laravel/framework/src/Illuminate/Foundation/Console/Kernel.php(127): Illuminate\\Foundation\\Console\\Kernel->bootstrap()
#6 /var/www/vhosts/test.arouge.com/laravel/arouge/artisan(37): Illuminate\\Foundation\\Console\\Kernel->handle()
#7 {main}
"} 
